2024-08-19 23:21:10,920:INFO:UserRegistration.py:First name is not valid. Enter a proper first name.
2024-08-19 23:21:12,871:INFO:UserRegistration.py:First name is not valid. Enter a proper first name.
2024-08-19 23:38:03,657:INFO:UserRegistration.py:Mail is not valid. Enter a proper mail address.
2024-08-19 23:38:53,886:INFO:UserRegistration.py:First name is not valid. Enter a proper first name.
2024-08-19 23:39:15,795:INFO:UserRegistration.py:Last name is not valid. Enter a proper last name.
2024-08-19 23:39:52,600:INFO:UserRegistration.py:Mail is not valid. Enter a proper mail address.
2024-08-19 23:40:31,151:INFO:UserRegistration.py:The User name is valid and name is Sanjay Vadde
2024-08-19 23:40:31,151:INFO:UserRegistration.py:Your email is valid and saved as sanjay@bl.co
2024-08-19 23:40:31,165:INFO:UserRegistration.py:The mobile number is valid and the number is91 9553175017
2024-08-19 23:41:36,543:INFO:UserRegistration.py:The User name is valid and name is: Sanjay Vadde
2024-08-19 23:41:36,544:INFO:UserRegistration.py:Your email is valid and saved as: sanjay@bl.co
2024-08-19 23:41:36,544:INFO:UserRegistration.py:The mobile number is valid and the number is:	91 9553175017
2024-08-20 11:50:03,025:INFO:UserRegistration.py:The User name is valid and name is: Sanjay Vadde
2024-08-20 11:50:03,031:INFO:UserRegistration.py:Your email is valid and saved as: Sanju@bl.co
2024-08-20 11:50:03,031:INFO:UserRegistration.py:The mobile number is valid and the number is: 91 9553175017
2024-08-20 11:50:03,031:INFO:UserRegistration.py:Your password is valid
2024-08-20 13:09:02,870:INFO:UserRegistration.py:Last name is not valid. Enter a proper last name.
2024-08-20 14:19:07,910:INFO:UserRegistration.py:First name is not valid. Enter a proper first name.
2024-08-20 14:19:10,154:INFO:UserRegistration.py:First name is not valid. Enter a proper first name.
2024-08-20 14:19:12,203:INFO:UserRegistration.py:First name is not valid. Enter a proper first name.
2024-08-20 14:19:17,273:INFO:UserRegistration.py:First name is not valid. Enter a proper first name.
2024-08-20 14:19:19,726:INFO:UserRegistration.py:First name is not valid. Enter a proper first name.
2024-08-20 14:19:21,095:INFO:UserRegistration.py:First name is not valid. Enter a proper first name.
2024-08-20 14:19:22,985:INFO:UserRegistration.py:First name is not valid. Enter a proper first name.
